+ cat /var/run/ldmsd/ldmsd.env.local
ATTRFILE='/var/run/ldmsd/genderscratch/genders.local'
bindir='/usr/bin'
exec_prefix='/usr'
LD_LIBRARY_PATH='/usr/lib64:/usr/lib64/ovis-ldms:/usr/lib64/ovis-ldms:@libeventpath@:'
LDMSAGGD_INTERVAL_DEFAULT='10000000'
LDMSAGGD_MEM_RES='256k'
LDMSAGGD_OFFSET_DEFAULT='200000'
LDMSCLUSTER='local'
LDMSD_CONFIG_PORT=''
LDMSD_DBG='ERROR'
LDMSD_EVENT_THDS='4'
LDMSD_IDBASE='620000'
LDMSD_INET_OPT=''
LDMSD_INTERVAL_DEFAULT='1000000'
LDMSD_METRIC_PLUGINS='jobid:meminfo:vmstat:procnfs:procstat:opa2:lnet_stats:loadavg:filesingle:procnet:lustre_client:dstat'
LDMSD_METRIC_SETS_DEFAULT_AUTHZ='perm=0644'
LDMSD_OFFSET_DEFAULT='0'
LDMSD_PLUGIN_CONFIG_FILE='/var/run/ldmsd/all-config.local'
LDMSD_PLUGIN_LIBPATH='/usr/lib64/ovis-ldms'
LDMSD_PORT='411'
LDMSD_SOCK_OPT=''
LDMSD_STORE_PLUGINS=''
LDMSD_XPRT='sock'
LDMS_GENDERS='/var/run/ldmsd/genderscratch/genders.local'
LDMS_LIB_PATH='/usr/lib64/ovis-ldms'
LDMS_LOG_FILE=''
LDMS_LOG_OPT=''
LDMS_LOG_PATH=''
LDMS_PLUGIN_PATH='/usr/lib64/ovis-ldms'
libdir='/usr/lib64'
localstatedir='/var'
MEM_OPT='-m'
NODEATTRFILE='-f /var/run/ldmsd/genderscratch/genders.local'
NODEATTR='nodeattr'
NUMACTL=''
NUMAOPT=''
PATH='/usr/sbin:/usr/bin:/usr/local/sbin:/usr/local/bin:/usr/sbin:/usr/bin'
prefix='/usr'
pythondir='/usr/lib/python3.6/site-packages'
PYTHONPATH='/usr/lib/python3.6/site-packages'
sbindir='/usr/sbin'
sysconfdir='/etc'
ZAP_LIBPATH='/usr/lib64/ovis-ldms'
+ lsb_release -a
LSB Version:	:core-4.1-amd64:core-4.1-noarch:cxx-4.1-amd64:cxx-4.1-noarch:desktop-4.1-amd64:desktop-4.1-noarch:languages-4.1-amd64:languages-4.1-noarch:printing-4.1-amd64:printing-4.1-noarch
Distributor ID:	RedHatEnterpriseServer
Description:	Red Hat Enterprise Linux Server release 7.9 (Maipo)
Release:	7.9
Codename:	Maipo
+ uname -a
Linux HOSTNAME 3.10.0-1160.49.1.1chaos.ch6.x86_64 #1 SMP Tue Nov 30 12:04:27 PST 2021 x86_64 x86_64 x86_64 GNU/Linux
+ lscpu
Architecture:          x86_64
CPU op-mode(s):        32-bit, 64-bit
Byte Order:            Little Endian
CPU(s):                72
On-line CPU(s) list:   0-71
Thread(s) per core:    2
Core(s) per socket:    18
Socket(s):             2
NUMA node(s):          2
Vendor ID:             GenuineIntel
CPU family:            6
Model:                 79
Model name:            Intel(R) Xeon(R) CPU E5-2695 v4 @ 2.10GHz
Stepping:              1
CPU MHz:               2101.000
CPU max MHz:           2101.0000
CPU min MHz:           1200.0000
BogoMIPS:              4189.97
Virtualization:        VT-x
L1d cache:             32K
L1i cache:             32K
L2 cache:              256K
L3 cache:              46080K
NUMA node0 CPU(s):     0-17,36-53
NUMA node1 CPU(s):     18-35,54-71
Flags:                 fpu vme de pse tsc msr pae mce cx8 apic sep mtrr pge mca cmov pat pse36 clflush dts acpi mmx fxsr sse sse2 ss ht tm pbe syscall nx pdpe1gb rdtscp lm constant_tsc arch_perfmon pebs bts rep_good nopl xtopology nonstop_tsc aperfmperf eagerfpu pni pclmulqdq dtes64 monitor ds_cpl vmx smx est tm2 ssse3 sdbg fma cx16 xtpr pdcm pcid dca sse4_1 sse4_2 x2apic movbe popcnt tsc_deadline_timer aes xsave avx f16c rdrand lahf_lm abm 3dnowprefetch epb cat_l3 cdp_l3 invpcid_single intel_ppin intel_pt ssbd ibrs ibpb stibp tpr_shadow vnmi flexpriority ept vpid fsgsbase tsc_adjust bmi1 hle avx2 smep bmi2 erms invpcid rtm cqm rdt_a rdseed adx xsaveopt cqm_llc cqm_occup_llc cqm_mbm_total cqm_mbm_local dtherm ida arat pln pts spec_ctrl intel_stibp flush_l1d
+ cat /proc/meminfo
MemTotal:       131929128 kB
MemFree:        127669860 kB
MemAvailable:   127357868 kB
Buffers:               0 kB
Cached:           123300 kB
SwapCached:            0 kB
Active:           311536 kB
Inactive:          96716 kB
Active(anon):     286348 kB
Inactive(anon):    23660 kB
Active(file):      25188 kB
Inactive(file):    73056 kB
Unevictable:     1048576 kB
Mlocked:         1048576 kB
SwapTotal:             0 kB
SwapFree:              0 kB
Dirty:                 0 kB
Writeback:             0 kB
AnonPages:       1332432 kB
Mapped:           142876 kB
Shmem:             25004 kB
Slab:             444380 kB
SReclaimable:      79352 kB
SUnreclaim:       365028 kB
KernelStack:       20416 kB
PageTables:         8864 kB
NFS_Unstable:          0 kB
Bounce:                0 kB
WritebackTmp:          0 kB
CommitLimit:    65964564 kB
Committed_AS:    1528640 kB
VmallocTotal:   34359738367 kB
VmallocUsed:     1258932 kB
VmallocChunk:   34291162252 kB
Percpu:            17920 kB
HardwareCorrupted:     0 kB
AnonHugePages:   1107968 kB
CmaTotal:              0 kB
CmaFree:               0 kB
HugePages_Total:       0
HugePages_Free:        0
HugePages_Rsvd:        0
HugePages_Surp:        0
Hugepagesize:       2048 kB
DirectMap4k:      206096 kB
DirectMap2M:     5988352 kB
DirectMap1G:    130023424 kB
+ lsblk -a
+ lsscsi -s
+ cat
+ lshw -short -quiet -sanitize
H/W path         Device  Class          Description
===================================================
                         system         Computer
/0                       bus            Motherboard
/0/0                     memory         128GiB System memory
/0/1                     processor      Intel(R) Xeon(R) CPU E5-2695 v4 @ 2.10GHz
/0/2                     processor      Intel(R) Xeon(R) CPU E5-2695 v4 @ 2.10GHz
/0/100                   bridge         Xeon E7 v4/Xeon E5 v4/Xeon E3 v4/Xeon D DMI2
/0/100/1                 bridge         Xeon E7 v4/Xeon E5 v4/Xeon E3 v4/Xeon D PCI Express Root Port 1
/0/100/2                 bridge         Xeon E7 v4/Xeon E5 v4/Xeon E3 v4/Xeon D PCI Express Root Port 2
/0/100/2/0       ib0     network        Omni-Path HFI Silicon 100 Series [discrete]
/0/100/3                 bridge         Xeon E7 v4/Xeon E5 v4/Xeon E3 v4/Xeon D PCI Express Root Port 3
/0/100/4                 generic        Xeon E7 v4/Xeon E5 v4/Xeon E3 v4/Xeon D Crystal Beach DMA Channel 0
/0/100/4.1               generic        Xeon E7 v4/Xeon E5 v4/Xeon E3 v4/Xeon D Crystal Beach DMA Channel 1
/0/100/4.2               generic        Xeon E7 v4/Xeon E5 v4/Xeon E3 v4/Xeon D Crystal Beach DMA Channel 2
/0/100/4.3               generic        Xeon E7 v4/Xeon E5 v4/Xeon E3 v4/Xeon D Crystal Beach DMA Channel 3
/0/100/4.4               generic        Xeon E7 v4/Xeon E5 v4/Xeon E3 v4/Xeon D Crystal Beach DMA Channel 4
/0/100/4.5               generic        Xeon E7 v4/Xeon E5 v4/Xeon E3 v4/Xeon D Crystal Beach DMA Channel 5
/0/100/4.6               generic        Xeon E7 v4/Xeon E5 v4/Xeon E3 v4/Xeon D Crystal Beach DMA Channel 6
/0/100/4.7               generic        Xeon E7 v4/Xeon E5 v4/Xeon E3 v4/Xeon D Crystal Beach DMA Channel 7
/0/100/5                 generic        Xeon E7 v4/Xeon E5 v4/Xeon E3 v4/Xeon D Map/VTd_Misc/System Management
/0/100/5.1               generic        Xeon E7 v4/Xeon E5 v4/Xeon E3 v4/Xeon D IIO Hot Plug
/0/100/5.2               generic        Xeon E7 v4/Xeon E5 v4/Xeon E3 v4/Xeon D IIO RAS/Control Status/Global Errors
/0/100/5.4               generic        Xeon E7 v4/Xeon E5 v4/Xeon E3 v4/Xeon D I/O APIC
/0/100/11                generic        C610/X99 series chipset SPSR
/0/100/11.4              storage        C610/X99 series chipset sSATA Controller [AHCI mode]
/0/100/16                communication  C610/X99 series chipset MEI Controller #1
/0/100/16.1              communication  C610/X99 series chipset MEI Controller #2
/0/100/1a                bus            C610/X99 series chipset USB Enhanced Host Controller #2
/0/100/1c                bridge         C610/X99 series chipset PCI Express Root Port #1
/0/100/1c.3              bridge         C610/X99 series chipset PCI Express Root Port #4
/0/100/1c.3/0            display        MGA G200e [Pilot] ServerEngines (SEP1)
/0/100/1c.4              bridge         C610/X99 series chipset PCI Express Root Port #5
/0/100/1c.4/0    eth0    network        I350 Gigabit Network Connection
/0/100/1c.4/0.1  eth1    network        I350 Gigabit Network Connection
/0/100/1d                bus            C610/X99 series chipset USB Enhanced Host Controller #1
/0/100/1f                bridge         C610/X99 series chipset LPC Controller
/0/100/1f.2              storage        C610/X99 series chipset 6-Port SATA Controller [AHCI mode]
/0/100/1f.3              bus            C610/X99 series chipset SMBus Controller
/0/3                     generic        Xeon E7 v4/Xeon E5 v4/Xeon E3 v4/Xeon D QPI Link 0
/0/6                     generic        Xeon E7 v4/Xeon E5 v4/Xeon E3 v4/Xeon D QPI Link 0
/0/7                     generic        Xeon E7 v4/Xeon E5 v4/Xeon E3 v4/Xeon D QPI Link 0
/0/8                     generic        Xeon E7 v4/Xeon E5 v4/Xeon E3 v4/Xeon D QPI Link 1
/0/9                     generic        Xeon E7 v4/Xeon E5 v4/Xeon E3 v4/Xeon D QPI Link 1
/0/a                     generic        Xeon E7 v4/Xeon E5 v4/Xeon E3 v4/Xeon D QPI Link 1
/0/b                     generic        Xeon E7 v4/Xeon E5 v4/Xeon E3 v4/Xeon D R3 QPI Link 0/1
/0/c                     generic        Xeon E7 v4/Xeon E5 v4/Xeon E3 v4/Xeon D R3 QPI Link 0/1
/0/d                     generic        Xeon E7 v4/Xeon E5 v4/Xeon E3 v4/Xeon D R3 QPI Link 0/1
/0/e                     generic        Xeon E7 v4/Xeon E5 v4/Xeon E3 v4/Xeon D R3 QPI Link Debug
/0/f                     generic        Xeon E7 v4/Xeon E5 v4/Xeon E3 v4/Xeon D Caching Agent
/0/10                    generic        Xeon E7 v4/Xeon E5 v4/Xeon E3 v4/Xeon D Caching Agent
/0/11                    generic        Xeon E7 v4/Xeon E5 v4/Xeon E3 v4/Xeon D Caching Agent
/0/12                    generic        Xeon E7 v4/Xeon E5 v4/Xeon E3 v4/Xeon D Caching Agent
/0/13                    generic        Xeon E7 v4/Xeon E5 v4/Xeon E3 v4/Xeon D Caching Agent
/0/14                    generic        Xeon E7 v4/Xeon E5 v4/Xeon E3 v4/Xeon D Caching Agent
/0/15                    generic        Xeon E7 v4/Xeon E5 v4/Xeon E3 v4/Xeon D Caching Agent
/0/16                    generic        Xeon E7 v4/Xeon E5 v4/Xeon E3 v4/Xeon D Caching Agent
/0/17                    generic        Xeon E7 v4/Xeon E5 v4/Xeon E3 v4/Xeon D Caching Agent
/0/18                    generic        Xeon E7 v4/Xeon E5 v4/Xeon E3 v4/Xeon D Caching Agent
/0/19                    generic        Xeon E7 v4/Xeon E5 v4/Xeon E3 v4/Xeon D Caching Agent
/0/1a                    generic        Xeon E7 v4/Xeon E5 v4/Xeon E3 v4/Xeon D Caching Agent
/0/1b                    generic        Xeon E7 v4/Xeon E5 v4/Xeon E3 v4/Xeon D Caching Agent
/0/1c                    generic        Xeon E7 v4/Xeon E5 v4/Xeon E3 v4/Xeon D Caching Agent
/0/1d                    generic        Xeon E7 v4/Xeon E5 v4/Xeon E3 v4/Xeon D Caching Agent
/0/1e                    generic        Xeon E7 v4/Xeon E5 v4/Xeon E3 v4/Xeon D Caching Agent
/0/1f                    generic        Xeon E7 v4/Xeon E5 v4/Xeon E3 v4/Xeon D Caching Agent
/0/20                    generic        Xeon E7 v4/Xeon E5 v4/Xeon E3 v4/Xeon D Caching Agent
/0/21                    generic        Xeon E7 v4/Xeon E5 v4/Xeon E3 v4/Xeon D Caching Agent
/0/22                    generic        Xeon E7 v4/Xeon E5 v4/Xeon E3 v4/Xeon D Caching Agent
/0/23                    generic        Xeon E7 v4/Xeon E5 v4/Xeon E3 v4/Xeon D Caching Agent
/0/24                    generic        Xeon E7 v4/Xeon E5 v4/Xeon E3 v4/Xeon D Caching Agent
/0/25                    generic        Xeon E7 v4/Xeon E5 v4/Xeon E3 v4/Xeon D Caching Agent
/0/26                    generic        Xeon E7 v4/Xeon E5 v4/Xeon E3 v4/Xeon D Caching Agent
/0/27                    generic        Xeon E7 v4/Xeon E5 v4/Xeon E3 v4/Xeon D Caching Agent
/0/28                    generic        Xeon E7 v4/Xeon E5 v4/Xeon E3 v4/Xeon D R2PCIe Agent
/0/29                    generic        Xeon E7 v4/Xeon E5 v4/Xeon E3 v4/Xeon D R2PCIe Agent
/0/2a                    generic        Xeon E7 v4/Xeon E5 v4/Xeon E3 v4/Xeon D Ubox
/0/2b                    generic        Xeon E7 v4/Xeon E5 v4/Xeon E3 v4/Xeon D Ubox
/0/2c                    generic        Xeon E7 v4/Xeon E5 v4/Xeon E3 v4/Xeon D Ubox
/0/2d                    generic        Xeon E7 v4/Xeon E5 v4/Xeon E3 v4/Xeon D Home Agent 0
/0/2e                    generic        Xeon E7 v4/Xeon E5 v4/Xeon E3 v4/Xeon D Home Agent 0
/0/2f                    generic        Xeon E7 v4/Xeon E5 v4/Xeon E3 v4/Xeon D Home Agent 1
/0/30                    generic        Xeon E7 v4/Xeon E5 v4/Xeon E3 v4/Xeon D Home Agent 1
/0/31                    generic        Xeon E7 v4/Xeon E5 v4/Xeon E3 v4/Xeon D Memory Controller 0 - Target Address/Thermal/RAS
/0/32                    generic        Xeon E7 v4/Xeon E5 v4/Xeon E3 v4/Xeon D Memory Controller 0 - Target Address/Thermal/RAS
/0/33                    generic        Xeon E7 v4/Xeon E5 v4/Xeon E3 v4/Xeon D Memory Controller 0 - Channel Target Address Decoder
/0/34                    generic        Xeon E7 v4/Xeon E5 v4/Xeon E3 v4/Xeon D Memory Controller 0 - Channel Target Address Decoder
/0/35                    generic        Xeon E7 v4/Xeon E5 v4/Xeon E3 v4/Xeon D DDRIO Channel 0/1 Broadcast
/0/36                    generic        Xeon E7 v4/Xeon E5 v4/Xeon E3 v4/Xeon D DDRIO Global Broadcast
/0/37                    generic        Xeon E7 v4/Xeon E5 v4/Xeon E3 v4/Xeon D Memory Controller 0 - Channel 0 Thermal Control
/0/38                    generic        Xeon E7 v4/Xeon E5 v4/Xeon E3 v4/Xeon D Memory Controller 0 - Channel 1 Thermal Control
/0/39                    generic        Xeon E7 v4/Xeon E5 v4/Xeon E3 v4/Xeon D Memory Controller 0 - Channel 0 Error
/0/3a                    generic        Xeon E7 v4/Xeon E5 v4/Xeon E3 v4/Xeon D Memory Controller 0 - Channel 1 Error
/0/3b                    generic        Xeon E7 v4/Xeon E5 v4/Xeon E3 v4/Xeon D DDRIO Channel 0/1 Interface
/0/3c                    generic        Xeon E7 v4/Xeon E5 v4/Xeon E3 v4/Xeon D DDRIO Channel 0/1 Interface
/0/3d                    generic        Xeon E7 v4/Xeon E5 v4/Xeon E3 v4/Xeon D DDRIO Channel 0/1 Interface
/0/3e                    generic        Xeon E7 v4/Xeon E5 v4/Xeon E3 v4/Xeon D DDRIO Channel 0/1 Interface
/0/3f                    generic        Xeon E7 v4/Xeon E5 v4/Xeon E3 v4/Xeon D Target Address/Thermal/RAS
/0/40                    generic        Xeon E7 v4/Xeon E5 v4/Xeon E3 v4/Xeon D Target Address/Thermal/RAS
/0/41                    generic        Xeon E7 v4/Xeon E5 v4/Xeon E3 v4/Xeon D Channel Target Address Decoder
/0/42                    generic        Xeon E7 v4/Xeon E5 v4/Xeon E3 v4/Xeon D Channel Target Address Decoder
/0/43                    generic        Xeon E7 v4/Xeon E5 v4/Xeon E3 v4/Xeon D DDRIO Channel 2/3 Broadcast
/0/44                    generic        Xeon E7 v4/Xeon E5 v4/Xeon E3 v4/Xeon D DDRIO Global Broadcast
/0/45                    generic        Xeon E7 v4/Xeon E5 v4/Xeon E3 v4/Xeon D Memory Controller 1 - Channel 0 Thermal Control
/0/46                    generic        Xeon E7 v4/Xeon E5 v4/Xeon E3 v4/Xeon D Memory Controller 1 - Channel 1 Thermal Control
/0/47                    generic        Xeon E7 v4/Xeon E5 v4/Xeon E3 v4/Xeon D Memory Controller 1 - Channel 0 Error
/0/48                    generic        Xeon E7 v4/Xeon E5 v4/Xeon E3 v4/Xeon D Memory Controller 1 - Channel 1 Error
/0/49                    generic        Xeon E7 v4/Xeon E5 v4/Xeon E3 v4/Xeon D DDRIO Channel 2/3 Interface
/0/4a                    generic        Xeon E7 v4/Xeon E5 v4/Xeon E3 v4/Xeon D DDRIO Channel 2/3 Interface
/0/4b                    generic        Xeon E7 v4/Xeon E5 v4/Xeon E3 v4/Xeon D DDRIO Channel 2/3 Interface
/0/4c                    generic        Xeon E7 v4/Xeon E5 v4/Xeon E3 v4/Xeon D DDRIO Channel 2/3 Interface
/0/4d                    generic        Xeon E7 v4/Xeon E5 v4/Xeon E3 v4/Xeon D Power Control Unit
/0/4e                    generic        Xeon E7 v4/Xeon E5 v4/Xeon E3 v4/Xeon D Power Control Unit
/0/4f                    generic        Xeon E7 v4/Xeon E5 v4/Xeon E3 v4/Xeon D Power Control Unit
/0/50                    generic        Xeon E7 v4/Xeon E5 v4/Xeon E3 v4/Xeon D Power Control Unit
/0/51                    generic        Xeon E7 v4/Xeon E5 v4/Xeon E3 v4/Xeon D Power Control Unit
/0/52                    generic        Xeon E7 v4/Xeon E5 v4/Xeon E3 v4/Xeon D Power Control Unit
/0/53                    generic        Xeon E7 v4/Xeon E5 v4/Xeon E3 v4/Xeon D Power Control Unit
/0/4                     generic        Xeon E7 v4/Xeon E5 v4/Xeon E3 v4/Xeon D Crystal Beach DMA Channel 0
/0/4.1                   generic        Xeon E7 v4/Xeon E5 v4/Xeon E3 v4/Xeon D Crystal Beach DMA Channel 1
/0/4.2                   generic        Xeon E7 v4/Xeon E5 v4/Xeon E3 v4/Xeon D Crystal Beach DMA Channel 2
/0/4.3                   generic        Xeon E7 v4/Xeon E5 v4/Xeon E3 v4/Xeon D Crystal Beach DMA Channel 3
/0/4.4                   generic        Xeon E7 v4/Xeon E5 v4/Xeon E3 v4/Xeon D Crystal Beach DMA Channel 4
/0/4.5                   generic        Xeon E7 v4/Xeon E5 v4/Xeon E3 v4/Xeon D Crystal Beach DMA Channel 5
/0/4.6                   generic        Xeon E7 v4/Xeon E5 v4/Xeon E3 v4/Xeon D Crystal Beach DMA Channel 6
/0/4.7                   generic        Xeon E7 v4/Xeon E5 v4/Xeon E3 v4/Xeon D Crystal Beach DMA Channel 7
/0/5                     generic        Xeon E7 v4/Xeon E5 v4/Xeon E3 v4/Xeon D Map/VTd_Misc/System Management
/0/5.1                   generic        Xeon E7 v4/Xeon E5 v4/Xeon E3 v4/Xeon D IIO Hot Plug
/0/5.2                   generic        Xeon E7 v4/Xeon E5 v4/Xeon E3 v4/Xeon D IIO RAS/Control Status/Global Errors
/0/5.4                   generic        Xeon E7 v4/Xeon E5 v4/Xeon E3 v4/Xeon D I/O APIC
/0/54                    generic        Xeon E7 v4/Xeon E5 v4/Xeon E3 v4/Xeon D QPI Link 0
/0/55                    generic        Xeon E7 v4/Xeon E5 v4/Xeon E3 v4/Xeon D QPI Link 0
/0/56                    generic        Xeon E7 v4/Xeon E5 v4/Xeon E3 v4/Xeon D QPI Link 0
/0/57                    generic        Xeon E7 v4/Xeon E5 v4/Xeon E3 v4/Xeon D QPI Link 1
/0/58                    generic        Xeon E7 v4/Xeon E5 v4/Xeon E3 v4/Xeon D QPI Link 1
/0/59                    generic        Xeon E7 v4/Xeon E5 v4/Xeon E3 v4/Xeon D QPI Link 1
/0/5a                    generic        Xeon E7 v4/Xeon E5 v4/Xeon E3 v4/Xeon D R3 QPI Link 0/1
/0/5b                    generic        Xeon E7 v4/Xeon E5 v4/Xeon E3 v4/Xeon D R3 QPI Link 0/1
/0/5c                    generic        Xeon E7 v4/Xeon E5 v4/Xeon E3 v4/Xeon D R3 QPI Link 0/1
/0/5d                    generic        Xeon E7 v4/Xeon E5 v4/Xeon E3 v4/Xeon D R3 QPI Link Debug
/0/5e                    generic        Xeon E7 v4/Xeon E5 v4/Xeon E3 v4/Xeon D Caching Agent
/0/5f                    generic        Xeon E7 v4/Xeon E5 v4/Xeon E3 v4/Xeon D Caching Agent
/0/60                    generic        Xeon E7 v4/Xeon E5 v4/Xeon E3 v4/Xeon D Caching Agent
/0/61                    generic        Xeon E7 v4/Xeon E5 v4/Xeon E3 v4/Xeon D Caching Agent
/0/62                    generic        Xeon E7 v4/Xeon E5 v4/Xeon E3 v4/Xeon D Caching Agent
/0/63                    generic        Xeon E7 v4/Xeon E5 v4/Xeon E3 v4/Xeon D Caching Agent
/0/64                    generic        Xeon E7 v4/Xeon E5 v4/Xeon E3 v4/Xeon D Caching Agent
/0/65                    generic        Xeon E7 v4/Xeon E5 v4/Xeon E3 v4/Xeon D Caching Agent
/0/66                    generic        Xeon E7 v4/Xeon E5 v4/Xeon E3 v4/Xeon D Caching Agent
/0/67                    generic        Xeon E7 v4/Xeon E5 v4/Xeon E3 v4/Xeon D Caching Agent
/0/68                    generic        Xeon E7 v4/Xeon E5 v4/Xeon E3 v4/Xeon D Caching Agent
/0/69                    generic        Xeon E7 v4/Xeon E5 v4/Xeon E3 v4/Xeon D Caching Agent
/0/6a                    generic        Xeon E7 v4/Xeon E5 v4/Xeon E3 v4/Xeon D Caching Agent
/0/6b                    generic        Xeon E7 v4/Xeon E5 v4/Xeon E3 v4/Xeon D Caching Agent
/0/6c                    generic        Xeon E7 v4/Xeon E5 v4/Xeon E3 v4/Xeon D Caching Agent
/0/6d                    generic        Xeon E7 v4/Xeon E5 v4/Xeon E3 v4/Xeon D Caching Agent
/0/6e                    generic        Xeon E7 v4/Xeon E5 v4/Xeon E3 v4/Xeon D Caching Agent
/0/6f                    generic        Xeon E7 v4/Xeon E5 v4/Xeon E3 v4/Xeon D Caching Agent
/0/70                    generic        Xeon E7 v4/Xeon E5 v4/Xeon E3 v4/Xeon D Caching Agent
/0/71                    generic        Xeon E7 v4/Xeon E5 v4/Xeon E3 v4/Xeon D Caching Agent
/0/72                    generic        Xeon E7 v4/Xeon E5 v4/Xeon E3 v4/Xeon D Caching Agent
/0/73                    generic        Xeon E7 v4/Xeon E5 v4/Xeon E3 v4/Xeon D Caching Agent
/0/74                    generic        Xeon E7 v4/Xeon E5 v4/Xeon E3 v4/Xeon D Caching Agent
/0/75                    generic        Xeon E7 v4/Xeon E5 v4/Xeon E3 v4/Xeon D Caching Agent
/0/76                    generic        Xeon E7 v4/Xeon E5 v4/Xeon E3 v4/Xeon D Caching Agent
/0/77                    generic        Xeon E7 v4/Xeon E5 v4/Xeon E3 v4/Xeon D R2PCIe Agent
/0/78                    generic        Xeon E7 v4/Xeon E5 v4/Xeon E3 v4/Xeon D R2PCIe Agent
/0/79                    generic        Xeon E7 v4/Xeon E5 v4/Xeon E3 v4/Xeon D Ubox
/0/7a                    generic        Xeon E7 v4/Xeon E5 v4/Xeon E3 v4/Xeon D Ubox
/0/7b                    generic        Xeon E7 v4/Xeon E5 v4/Xeon E3 v4/Xeon D Ubox
/0/7c                    generic        Xeon E7 v4/Xeon E5 v4/Xeon E3 v4/Xeon D Home Agent 0
/0/7d                    generic        Xeon E7 v4/Xeon E5 v4/Xeon E3 v4/Xeon D Home Agent 0
/0/7e                    generic        Xeon E7 v4/Xeon E5 v4/Xeon E3 v4/Xeon D Home Agent 1
/0/7f                    generic        Xeon E7 v4/Xeon E5 v4/Xeon E3 v4/Xeon D Home Agent 1
/0/80                    generic        Xeon E7 v4/Xeon E5 v4/Xeon E3 v4/Xeon D Memory Controller 0 - Target Address/Thermal/RAS
/0/81                    generic        Xeon E7 v4/Xeon E5 v4/Xeon E3 v4/Xeon D Memory Controller 0 - Target Address/Thermal/RAS
/0/82                    generic        Xeon E7 v4/Xeon E5 v4/Xeon E3 v4/Xeon D Memory Controller 0 - Channel Target Address Decoder
/0/83                    generic        Xeon E7 v4/Xeon E5 v4/Xeon E3 v4/Xeon D Memory Controller 0 - Channel Target Address Decoder
/0/84                    generic        Xeon E7 v4/Xeon E5 v4/Xeon E3 v4/Xeon D DDRIO Channel 0/1 Broadcast
/0/85                    generic        Xeon E7 v4/Xeon E5 v4/Xeon E3 v4/Xeon D DDRIO Global Broadcast
/0/86                    generic        Xeon E7 v4/Xeon E5 v4/Xeon E3 v4/Xeon D Memory Controller 0 - Channel 0 Thermal Control
/0/87                    generic        Xeon E7 v4/Xeon E5 v4/Xeon E3 v4/Xeon D Memory Controller 0 - Channel 1 Thermal Control
/0/88                    generic        Xeon E7 v4/Xeon E5 v4/Xeon E3 v4/Xeon D Memory Controller 0 - Channel 0 Error
/0/89                    generic        Xeon E7 v4/Xeon E5 v4/Xeon E3 v4/Xeon D Memory Controller 0 - Channel 1 Error
/0/8a                    generic        Xeon E7 v4/Xeon E5 v4/Xeon E3 v4/Xeon D DDRIO Channel 0/1 Interface
/0/8b                    generic        Xeon E7 v4/Xeon E5 v4/Xeon E3 v4/Xeon D DDRIO Channel 0/1 Interface
/0/8c                    generic        Xeon E7 v4/Xeon E5 v4/Xeon E3 v4/Xeon D DDRIO Channel 0/1 Interface
/0/8d                    generic        Xeon E7 v4/Xeon E5 v4/Xeon E3 v4/Xeon D DDRIO Channel 0/1 Interface
/0/8e                    generic        Xeon E7 v4/Xeon E5 v4/Xeon E3 v4/Xeon D Target Address/Thermal/RAS
/0/8f                    generic        Xeon E7 v4/Xeon E5 v4/Xeon E3 v4/Xeon D Target Address/Thermal/RAS
/0/90                    generic        Xeon E7 v4/Xeon E5 v4/Xeon E3 v4/Xeon D Channel Target Address Decoder
/0/91                    generic        Xeon E7 v4/Xeon E5 v4/Xeon E3 v4/Xeon D Channel Target Address Decoder
/0/92                    generic        Xeon E7 v4/Xeon E5 v4/Xeon E3 v4/Xeon D DDRIO Channel 2/3 Broadcast
/0/93                    generic        Xeon E7 v4/Xeon E5 v4/Xeon E3 v4/Xeon D DDRIO Global Broadcast
/0/94                    generic        Xeon E7 v4/Xeon E5 v4/Xeon E3 v4/Xeon D Memory Controller 1 - Channel 0 Thermal Control
/0/95                    generic        Xeon E7 v4/Xeon E5 v4/Xeon E3 v4/Xeon D Memory Controller 1 - Channel 1 Thermal Control
/0/96                    generic        Xeon E7 v4/Xeon E5 v4/Xeon E3 v4/Xeon D Memory Controller 1 - Channel 0 Error
/0/97                    generic        Xeon E7 v4/Xeon E5 v4/Xeon E3 v4/Xeon D Memory Controller 1 - Channel 1 Error
/0/98                    generic        Xeon E7 v4/Xeon E5 v4/Xeon E3 v4/Xeon D DDRIO Channel 2/3 Interface
/0/99                    generic        Xeon E7 v4/Xeon E5 v4/Xeon E3 v4/Xeon D DDRIO Channel 2/3 Interface
/0/9a                    generic        Xeon E7 v4/Xeon E5 v4/Xeon E3 v4/Xeon D DDRIO Channel 2/3 Interface
/0/9b                    generic        Xeon E7 v4/Xeon E5 v4/Xeon E3 v4/Xeon D DDRIO Channel 2/3 Interface
/0/9c                    generic        Xeon E7 v4/Xeon E5 v4/Xeon E3 v4/Xeon D Power Control Unit
/0/9d                    generic        Xeon E7 v4/Xeon E5 v4/Xeon E3 v4/Xeon D Power Control Unit
/0/9e                    generic        Xeon E7 v4/Xeon E5 v4/Xeon E3 v4/Xeon D Power Control Unit
/0/9f                    generic        Xeon E7 v4/Xeon E5 v4/Xeon E3 v4/Xeon D Power Control Unit
/0/a0                    generic        Xeon E7 v4/Xeon E5 v4/Xeon E3 v4/Xeon D Power Control Unit
/0/a1                    generic        Xeon E7 v4/Xeon E5 v4/Xeon E3 v4/Xeon D Power Control Unit
/0/a2                    generic        Xeon E7 v4/Xeon E5 v4/Xeon E3 v4/Xeon D Power Control Unit
/0/a3                    system         PnP device PNP0b00
/0/a4                    system         PnP device PNP0c02
/0/a5                    communication  PnP device PNP0501
