LANG=en_US.UTF-8
USER=USER
+ cat /etc/redhat-release
Red Hat Enterprise Linux release 8.5 (Ootpa)
+ uname -a
Linux HOSTNAME 4.18.0-305.25.1.el8_4.x86_64 #1 SMP Mon Oct 18 14:34:11 EDT 2021 x86_64 x86_64 x86_64 GNU/Linux
+ lscpu
Architecture:        x86_64
CPU op-mode(s):      32-bit, 64-bit
Byte Order:          Little Endian
CPU(s):              96
On-line CPU(s) list: 0-95
Thread(s) per core:  2
Core(s) per socket:  24
Socket(s):           2
NUMA node(s):        2
Vendor ID:           GenuineIntel
CPU family:          6
Model:               85
Model name:          Intel(R) Xeon(R) Gold 6240R CPU @ 2.40GHz
Stepping:            7
CPU MHz:             1000.075
CPU max MHz:         4000.0000
CPU min MHz:         1000.0000
BogoMIPS:            4800.00
Virtualization:      VT-x
L1d cache:           32K
L1i cache:           32K
L2 cache:            1024K
L3 cache:            36608K
NUMA node0 CPU(s):   0-23,48-71
NUMA node1 CPU(s):   24-47,72-95
Flags:               fpu vme de pse tsc msr pae mce cx8 apic sep mtrr pge mca cmov pat pse36 clflush dts acpi mmx fxsr sse sse2 ss ht tm pbe syscall nx pdpe1gb rdtscp lm constant_tsc art arch_perfmon pebs bts rep_good nopl xtopology nonstop_tsc cpuid aperfmperf pni pclmulqdq dtes64 monitor ds_cpl vmx smx est tm2 ssse3 sdbg fma cx16 xtpr pdcm pcid dca sse4_1 sse4_2 x2apic movbe popcnt tsc_deadline_timer aes xsave avx f16c rdrand lahf_lm abm 3dnowprefetch cpuid_fault epb cat_l3 cdp_l3 invpcid_single ssbd mba ibrs ibpb stibp ibrs_enhanced fsgsbase tsc_adjust bmi1 hle avx2 smep bmi2 erms invpcid cqm mpx rdt_a avx512f avx512dq rdseed adx smap clflushopt clwb intel_pt avx512cd avx512bw avx512vl xsaveopt xsavec xgetbv1 xsaves cqm_llc cqm_occup_llc cqm_mbm_total cqm_mbm_local dtherm ida arat pln pts hwp hwp_act_window hwp_epp hwp_pkg_req pku ospke avx512_vnni md_clear flush_l1d arch_capabilities
+ cat /proc/meminfo
MemTotal:       1583973076 kB
MemFree:        1434170460 kB
MemAvailable:   1429503356 kB
Buffers:               0 kB
Cached:          1654400 kB
SwapCached:            0 kB
Active:           782468 kB
Inactive:        1442144 kB
Active(anon):     612464 kB
Inactive(anon):  1349932 kB
Active(file):     170004 kB
Inactive(file):    92212 kB
Unevictable:    134217728 kB
Mlocked:        134217728 kB
SwapTotal:             0 kB
SwapFree:              0 kB
Dirty:                 0 kB
Writeback:             0 kB
AnonPages:      134784360 kB
Mapped:           569712 kB
Shmem:           1392184 kB
KReclaimable:     160780 kB
Slab:            1238696 kB
SReclaimable:     160780 kB
SUnreclaim:      1077916 kB
KernelStack:       24880 kB
PageTables:       274764 kB
NFS_Unstable:          0 kB
Bounce:                0 kB
WritebackTmp:          0 kB
CommitLimit:    791986536 kB
Committed_AS:   138209728 kB
VmallocTotal:   34359738367 kB
VmallocUsed:           0 kB
VmallocChunk:          0 kB
Percpu:          2007168 kB
HardwareCorrupted:     0 kB
AnonHugePages:  134535168 kB
ShmemHugePages:        0 kB
ShmemPmdMapped:        0 kB
FileHugePages:         0 kB
FilePmdMapped:         0 kB
HugePages_Total:       0
HugePages_Free:        0
HugePages_Rsvd:        0
HugePages_Surp:        0
Hugepagesize:       2048 kB
Hugetlb:               0 kB
DirectMap4k:     4070356 kB
DirectMap2M:    141365248 kB
DirectMap1G:    1465909248 kB
+ lsblk -a
NAME    MAJ:MIN RM  SIZE RO TYPE  MOUNTPOINT
nvme0n1 259:0    0    7T  0 disk  
└─md0     9:0    0 41.9T  0 raid6 /storage
nvme6n1 259:1    0    7T  0 disk  
└─md0     9:0    0 41.9T  0 raid6 /storage
nvme3n1 259:2    0    7T  0 disk  
└─md0     9:0    0 41.9T  0 raid6 /storage
nvme4n1 259:3    0    7T  0 disk  
└─md0     9:0    0 41.9T  0 raid6 /storage
nvme1n1 259:4    0    7T  0 disk  
└─md0     9:0    0 41.9T  0 raid6 /storage
nvme5n1 259:5    0    7T  0 disk  
└─md0     9:0    0 41.9T  0 raid6 /storage
nvme2n1 259:6    0    7T  0 disk  
└─md0     9:0    0 41.9T  0 raid6 /storage
nvme7n1 259:7    0    7T  0 disk  
└─md0     9:0    0 41.9T  0 raid6 /storage
+ lsscsi -s
[N:0:0:1]    disk    INTEL SSDPE2KE076T8__1                     /dev/nvme0n1  7.68TB
[N:1:0:1]    disk    INTEL SSDPE2KE076T8__1                     /dev/nvme1n1  7.68TB
[N:2:0:1]    disk    INTEL SSDPE2KE076T8__1                     /dev/nvme2n1  7.68TB
[N:3:0:1]    disk    INTEL SSDPE2KE076T8__1                     /dev/nvme3n1  7.68TB
[N:4:0:1]    disk    INTEL SSDPE2KE076T8__1                     /dev/nvme4n1  7.68TB
[N:5:0:1]    disk    INTEL SSDPE2KE076T8__1                     /dev/nvme5n1  7.68TB
[N:6:0:1]    disk    INTEL SSDPE2KE076T8__1                     /dev/nvme6n1  7.68TB
[N:7:0:1]    disk    INTEL SSDPE2KE076T8__1                     /dev/nvme7n1  7.68TB
+ lshw -short -quiet -sanitize
+ cat
WARNING: you should run this program as super-user.
H/W path           Device        Class          Description
===========================================================
                                 system         Computer
/0                               bus            Motherboard
/0/1                             memory         1535GiB System memory
/0/6                             processor      Intel(R) Xeon(R) Gold 6240R CPU @ 2.40GHz
/0/7                             processor      Intel(R) Xeon(R) Gold 6240R CPU @ 2.40GHz
/0/100                           bridge         Sky Lake-E DMI3 Registers
/0/100/4                         generic        Sky Lake-E CBDMA Registers
/0/100/4.1                       generic        Sky Lake-E CBDMA Registers
/0/100/4.2                       generic        Sky Lake-E CBDMA Registers
/0/100/4.3                       generic        Sky Lake-E CBDMA Registers
/0/100/4.4                       generic        Sky Lake-E CBDMA Registers
/0/100/4.5                       generic        Sky Lake-E CBDMA Registers
/0/100/4.6                       generic        Sky Lake-E CBDMA Registers
/0/100/4.7                       generic        Sky Lake-E CBDMA Registers
/0/100/5                         generic        Sky Lake-E MM/Vt-d Configuration Registers
/0/100/5.2                       generic        Sky Lake-E RAS
/0/100/5.4                       generic        Sky Lake-E IOAPIC
/0/100/8                         generic        Sky Lake-E Ubox Registers
/0/100/8.1                       generic        Sky Lake-E Ubox Registers
/0/100/8.2                       generic        Sky Lake-E Ubox Registers
/0/100/11                        generic        C620 Series Chipset Family MROM 0
/0/100/11.1                      generic        C620 Series Chipset Family MROM 1
/0/100/11.5                      storage        C620 Series Chipset Family SSATA Controller [AHCI mode]
/0/100/14                        bus            C620 Series Chipset Family USB 3.0 xHCI Controller
/0/100/14.2                      generic        C620 Series Chipset Family Thermal Subsystem
/0/100/16                        communication  C620 Series Chipset Family MEI Controller #1
/0/100/16.1                      communication  C620 Series Chipset Family MEI Controller #2
/0/100/16.4                      communication  C620 Series Chipset Family MEI Controller #3
/0/100/17                        storage        C620 Series Chipset Family SATA Controller [AHCI mode]
/0/100/1c                        bridge         C620 Series Chipset Family PCI Express Root Port #4
/0/100/1c/100      /dev/nvme0    bridge         INTEL SSDPE2KE076T8
/0/100/1c/100/0    /dev/nvme1    display        INTEL SSDPE2KE076T8
/0/100/1c/100/0/1  /dev/nvme1n1  disk           NVMe disk
/0/100/1c/100/2                  storage        NVMe Datacenter SSD [3DNAND, Beta Rock Controller]
/0/100/1c/100/1    /dev/nvme0n1  disk           NVMe disk
/0/100/1c/0                      storage        NVMe Datacenter SSD [3DNAND, Beta Rock Controller]
/0/100/1f                        bridge         C624 Series Chipset LPC/eSPI Controller
/0/100/1f/0                      system         PnP device PNP0b00
/0/100/1f/1                      system         PnP device PNP0c02
/0/100/1f/2                      communication  PnP device PNP0501
/0/100/1f/3                      communication  PnP device PNP0501
/0/100/1f/4                      system         PnP device PNP0c02
/0/100/1f/5                      system         PnP device PNP0c02
/0/100/1f.2                      memory         Memory controller
/0/100/1f.4                      bus            C620 Series Chipset Family SMBus
/0/100/1f.5                      bus            C620 Series Chipset Family SPI Controller
/0/100/2                         bridge         Sky Lake-E PCI Express Root Port C
/0/100/3                         bridge         Sky Lake-E PCI Express Root Port D
/0/101                           bridge         Sky Lake-E PCI Express Root Port A
/0/101/0           ib0           network        MT28908 Family [ConnectX-6]
/0/101/0.1         ib1           network        MT28908 Family [ConnectX-6]
/0/9                             generic        Sky Lake-E VT-d
/0/a                             generic        Sky Lake-E RAS Configuration Registers
/0/b                             generic        Sky Lake-E IOxAPIC Configuration Registers
/0/c                             generic        Sky Lake-E CHA Registers
/0/d                             generic        Sky Lake-E CHA Registers
/0/e                             generic        Sky Lake-E CHA Registers
/0/f                             generic        Sky Lake-E CHA Registers
/0/10                            generic        Sky Lake-E CHA Registers
/0/11                            generic        Sky Lake-E CHA Registers
/0/12                            generic        Sky Lake-E CHA Registers
/0/13                            generic        Sky Lake-E CHA Registers
/0/14                            generic        Sky Lake-E CHA Registers
/0/15                            generic        Sky Lake-E CHA Registers
/0/16                            generic        Sky Lake-E CHA Registers
/0/17                            generic        Sky Lake-E CHA Registers
/0/18                            generic        Sky Lake-E CHA Registers
/0/19                            generic        Sky Lake-E CHA Registers
/0/1a                            generic        Sky Lake-E CHA Registers
/0/1b                            generic        Sky Lake-E CHA Registers
/0/1c                            generic        Sky Lake-E CHA Registers
/0/1d                            generic        Sky Lake-E CHA Registers
/0/1e                            generic        Sky Lake-E CHA Registers
/0/1f                            generic        Sky Lake-E CHA Registers
/0/20                            generic        Sky Lake-E CHA Registers
/0/21                            generic        Sky Lake-E CHA Registers
/0/22                            generic        Sky Lake-E CHA Registers
/0/23                            generic        Sky Lake-E CHA Registers
/0/24                            generic        Sky Lake-E CHA Registers
/0/25                            generic        Sky Lake-E CHA Registers
/0/26                            generic        Sky Lake-E CHA Registers
/0/27                            generic        Sky Lake-E CHA Registers
/0/28                            generic        Sky Lake-E CHA Registers
/0/29                            generic        Sky Lake-E CHA Registers
/0/2a                            generic        Sky Lake-E CHA Registers
/0/2b                            generic        Sky Lake-E CHA Registers
/0/2c                            generic        Sky Lake-E CHA Registers
/0/2d                            generic        Sky Lake-E CHA Registers
/0/2e                            generic        Sky Lake-E CHA Registers
/0/2f                            generic        Sky Lake-E CHA Registers
/0/30                            generic        Sky Lake-E CHA Registers
/0/31                            generic        Sky Lake-E CHA Registers
/0/32                            generic        Sky Lake-E CHA Registers
/0/33                            generic        Sky Lake-E CHA Registers
/0/34                            generic        Sky Lake-E CHA Registers
/0/35                            generic        Sky Lake-E CHA Registers
/0/36                            generic        Sky Lake-E CHA Registers
/0/37                            generic        Sky Lake-E CHA Registers
/0/38                            generic        Sky Lake-E CHA Registers
/0/39                            generic        Sky Lake-E CHA Registers
/0/3a                            generic        Sky Lake-E CHA Registers
/0/3b                            generic        Sky Lake-E CHA Registers
/0/3c                            generic        Sky Lake-E CHA Registers
/0/3d                            generic        Sky Lake-E CHA Registers
/0/3e                            generic        Sky Lake-E CHA Registers
/0/3f                            generic        Sky Lake-E CHA Registers
/0/40                            generic        Sky Lake-E CHA Registers
/0/41                            generic        Sky Lake-E CHA Registers
/0/42                            generic        Sky Lake-E CHA Registers
/0/43                            generic        Sky Lake-E CHA Registers
/0/44                            generic        Sky Lake-E CHA Registers
/0/45                            generic        Sky Lake-E CHA Registers
/0/46                            generic        Sky Lake-E CHA Registers
/0/47                            generic        Sky Lake-E CHA Registers
/0/48                            generic        Sky Lake-E PCU Registers
/0/49                            generic        Sky Lake-E PCU Registers
/0/4a                            generic        Sky Lake-E PCU Registers
/0/4b                            generic        Sky Lake-E PCU Registers
/0/4c                            generic        Sky Lake-E PCU Registers
/0/4d                            generic        Sky Lake-E PCU Registers
/0/4e                            generic        Sky Lake-E PCU Registers
/0/102                           bridge         Sky Lake-E PCI Express Root Port A
/0/102/0                         bridge         Intel Corporation
/0/102/0/3                       bridge         Intel Corporation
/0/102/0/3/0       eno1          network        Ethernet Connection X722 for 10GBASE-T
/0/102/0/3/0.1     eno2          network        Ethernet Connection X722 for 10GBASE-T
/0/4f                            generic        Sky Lake-E VT-d
/0/50                            generic        Sky Lake-E RAS Configuration Registers
/0/51                            generic        Sky Lake-E IOxAPIC Configuration Registers
/0/52                            generic        Sky Lake-E Integrated Memory Controller
/0/53                            generic        Sky Lake-E Integrated Memory Controller
/0/54                            generic        Sky Lake-E Integrated Memory Controller
/0/55                            generic        Sky Lake-E Integrated Memory Controller
/0/56                            generic        Sky Lake-E Integrated Memory Controller
/0/57                            generic        Sky Lake-E Integrated Memory Controller
/0/58                            generic        Sky Lake-E Integrated Memory Controller
/0/59                            generic        Sky Lake-E LM Channel 1
/0/5a                            generic        Sky Lake-E LMS Channel 1
/0/5b                            generic        Sky Lake-E LMDP Channel 1
/0/5c                            generic        Sky Lake-E DECS Channel 2
/0/5d                            generic        Sky Lake-E LM Channel 2
/0/5e                            generic        Sky Lake-E LMS Channel 2
/0/5f                            generic        Sky Lake-E LMDP Channel 2
/0/60                            generic        Sky Lake-E Integrated Memory Controller
/0/61                            generic        Sky Lake-E Integrated Memory Controller
/0/62                            generic        Sky Lake-E Integrated Memory Controller
/0/63                            generic        Sky Lake-E Integrated Memory Controller
/0/64                            generic        Sky Lake-E Integrated Memory Controller
/0/65                            generic        Sky Lake-E LM Channel 1
/0/66                            generic        Sky Lake-E LMS Channel 1
/0/67                            generic        Sky Lake-E LMDP Channel 1
/0/68                            generic        Sky Lake-E DECS Channel 2
/0/69                            generic        Sky Lake-E LM Channel 2
/0/6a                            generic        Sky Lake-E LMS Channel 2
/0/6b                            generic        Sky Lake-E LMDP Channel 2
/0/6c                            generic        Sky Lake-E VT-d
/0/6d                            generic        Sky Lake-E RAS Configuration Registers
/0/6e                            generic        Sky Lake-E IOxAPIC Configuration Registers
/0/6f                            storage        Volume Management Device NVMe RAID Controller
/0/70                            generic        Sky Lake-E KTI 0
/0/71                            generic        Sky Lake-E UPI Registers
/0/72                            generic        Sky Lake-E KTI 0
/0/73                            generic        Sky Lake-E UPI Registers
/0/74                            generic        Sky Lake-E KTI 0
/0/75                            generic        Sky Lake-E UPI Registers
/0/76                            generic        Sky Lake-E M3KTI Registers
/0/77                            generic        Sky Lake-E M3KTI Registers
/0/78                            generic        Sky Lake-E M3KTI Registers
/0/79                            generic        Sky Lake-E M3KTI Registers
/0/7a                            generic        Sky Lake-E M3KTI Registers
/0/7b                            generic        Sky Lake-E M2PCI Registers
/0/7c                            generic        Sky Lake-E DDRIO Registers
/0/7d                            generic        Sky Lake-E M2PCI Registers
/0/7e                            generic        Sky Lake-E DDRIO Registers
/0/7f                            generic        Sky Lake-E M2PCI Registers
/0/80                            generic        Sky Lake-E DDRIO Registers
/0/81                            generic        Sky Lake-E M2PCI Registers
/0/82                            generic        Sky Lake-E DDRIO Registers
/0/4                             generic        Sky Lake-E CBDMA Registers
/0/4.1                           generic        Sky Lake-E CBDMA Registers
/0/4.2                           generic        Sky Lake-E CBDMA Registers
/0/4.3                           generic        Sky Lake-E CBDMA Registers
/0/4.4                           generic        Sky Lake-E CBDMA Registers
/0/4.5                           generic        Sky Lake-E CBDMA Registers
/0/4.6                           generic        Sky Lake-E CBDMA Registers
/0/4.7                           generic        Sky Lake-E CBDMA Registers
/0/83                            generic        Sky Lake-E MM/Vt-d Configuration Registers
/0/84                            generic        Sky Lake-E RAS
/0/85                            generic        Sky Lake-E IOAPIC
/0/86                            generic        Sky Lake-E Ubox Registers
/0/87                            generic        Sky Lake-E Ubox Registers
/0/88                            generic        Sky Lake-E Ubox Registers
/0/103                           bridge         Sky Lake-E PCI Express Root Port A
/0/103/0           ens805f0      network        Ethernet Controller X710 for 10GbE SFP+
/0/103/0.1         ens805f1      network        Ethernet Controller X710 for 10GbE SFP+
/0/89                            generic        Sky Lake-E VT-d
/0/8a                            generic        Sky Lake-E RAS Configuration Registers
/0/8b                            generic        Sky Lake-E IOxAPIC Configuration Registers
/0/8c                            generic        Sky Lake-E CHA Registers
/0/8.1                           generic        Sky Lake-E CHA Registers
/0/8.2                           generic        Sky Lake-E CHA Registers
/0/8d                            generic        Sky Lake-E CHA Registers
/0/8e                            generic        Sky Lake-E CHA Registers
/0/8f                            generic        Sky Lake-E CHA Registers
/0/90                            generic        Sky Lake-E CHA Registers
/0/91                            generic        Sky Lake-E CHA Registers
/0/92                            generic        Sky Lake-E CHA Registers
/0/93                            generic        Sky Lake-E CHA Registers
/0/94                            generic        Sky Lake-E CHA Registers
/0/95                            generic        Sky Lake-E CHA Registers
/0/96                            generic        Sky Lake-E CHA Registers
/0/97                            generic        Sky Lake-E CHA Registers
/0/98                            generic        Sky Lake-E CHA Registers
/0/99                            generic        Sky Lake-E CHA Registers
/0/9a                            generic        Sky Lake-E CHA Registers
/0/9b                            generic        Sky Lake-E CHA Registers
/0/9c                            generic        Sky Lake-E CHA Registers
/0/9d                            generic        Sky Lake-E CHA Registers
/0/9e                            generic        Sky Lake-E CHA Registers
/0/9f                            generic        Sky Lake-E CHA Registers
/0/a0                            generic        Sky Lake-E CHA Registers
/0/a1                            generic        Sky Lake-E CHA Registers
/0/a2                            generic        Sky Lake-E CHA Registers
/0/a3                            generic        Sky Lake-E CHA Registers
/0/a4                            generic        Sky Lake-E CHA Registers
/0/a5                            generic        Sky Lake-E CHA Registers
/0/a6                            generic        Sky Lake-E CHA Registers
/0/a7                            generic        Sky Lake-E CHA Registers
/0/a8                            generic        Sky Lake-E CHA Registers
/0/a9                            generic        Sky Lake-E CHA Registers
/0/aa                            generic        Sky Lake-E CHA Registers
/0/ab                            generic        Sky Lake-E CHA Registers
/0/ac                            generic        Sky Lake-E CHA Registers
/0/ad                            generic        Sky Lake-E CHA Registers
/0/ae                            generic        Sky Lake-E CHA Registers
/0/af                            generic        Sky Lake-E CHA Registers
/0/b0                            generic        Sky Lake-E CHA Registers
/0/b1                            generic        Sky Lake-E CHA Registers
/0/b2                            generic        Sky Lake-E CHA Registers
/0/b3                            generic        Sky Lake-E CHA Registers
/0/b4                            generic        Sky Lake-E CHA Registers
/0/b5                            generic        Sky Lake-E CHA Registers
/0/b6                            generic        Sky Lake-E CHA Registers
/0/b7                            generic        Sky Lake-E CHA Registers
/0/b8                            generic        Sky Lake-E CHA Registers
/0/b9                            generic        Sky Lake-E CHA Registers
/0/ba                            generic        Sky Lake-E CHA Registers
/0/bb                            generic        Sky Lake-E CHA Registers
/0/bc                            generic        Sky Lake-E CHA Registers
/0/bd                            generic        Sky Lake-E CHA Registers
/0/be                            generic        Sky Lake-E CHA Registers
/0/bf                            generic        Sky Lake-E CHA Registers
/0/c0                            generic        Sky Lake-E CHA Registers
/0/c1                            generic        Sky Lake-E CHA Registers
/0/c2                            generic        Sky Lake-E CHA Registers
/0/c3                            generic        Sky Lake-E CHA Registers
/0/c4                            generic        Sky Lake-E CHA Registers
/0/c5                            generic        Sky Lake-E CHA Registers
/0/c6                            generic        Sky Lake-E PCU Registers
/0/c7                            generic        Sky Lake-E PCU Registers
/0/c8                            generic        Sky Lake-E PCU Registers
/0/c9                            generic        Sky Lake-E PCU Registers
/0/ca                            generic        Sky Lake-E PCU Registers
/0/cb                            generic        Sky Lake-E PCU Registers
/0/cc                            generic        Sky Lake-E PCU Registers
/0/cd                            generic        Sky Lake-E VT-d
/0/ce                            generic        Sky Lake-E RAS Configuration Registers
/0/cf                            generic        Sky Lake-E IOxAPIC Configuration Registers
/0/d0                            storage        Volume Management Device NVMe RAID Controller
/0/8                             generic        Sky Lake-E Integrated Memory Controller
/0/d1                            generic        Sky Lake-E Integrated Memory Controller
/0/d2                            generic        Sky Lake-E Integrated Memory Controller
/0/d3                            generic        Sky Lake-E Integrated Memory Controller
/0/d4                            generic        Sky Lake-E Integrated Memory Controller
/0/d5                            generic        Sky Lake-E Integrated Memory Controller
/0/d6                            generic        Sky Lake-E Integrated Memory Controller
/0/d7                            generic        Sky Lake-E LM Channel 1
/0/d8                            generic        Sky Lake-E LMS Channel 1
/0/d9                            generic        Sky Lake-E LMDP Channel 1
/0/da                            generic        Sky Lake-E DECS Channel 2
/0/db                            generic        Sky Lake-E LM Channel 2
/0/dc                            generic        Sky Lake-E LMS Channel 2
/0/dd                            generic        Sky Lake-E LMDP Channel 2
/0/de                            generic        Sky Lake-E Integrated Memory Controller
/0/df                            generic        Sky Lake-E Integrated Memory Controller
/0/e0                            generic        Sky Lake-E Integrated Memory Controller
/0/e1                            generic        Sky Lake-E Integrated Memory Controller
/0/e2                            generic        Sky Lake-E Integrated Memory Controller
/0/e3                            generic        Sky Lake-E LM Channel 1
/0/e4                            generic        Sky Lake-E LMS Channel 1
/0/e5                            generic        Sky Lake-E LMDP Channel 1
/0/e6                            generic        Sky Lake-E DECS Channel 2
/0/e7                            generic        Sky Lake-E LM Channel 2
/0/e8                            generic        Sky Lake-E LMS Channel 2
/0/e9                            generic        Sky Lake-E LMDP Channel 2
/0/5                             generic        Sky Lake-E VT-d
/0/5.2                           generic        Sky Lake-E RAS Configuration Registers
/0/5.4                           generic        Sky Lake-E IOxAPIC Configuration Registers
/0/5.5                           storage        Volume Management Device NVMe RAID Controller
/0/ea                            generic        Sky Lake-E KTI 0
/0/eb                            generic        Sky Lake-E UPI Registers
/0/ec                            generic        Sky Lake-E KTI 0
/0/ed                            generic        Sky Lake-E UPI Registers
/0/ee                            generic        Sky Lake-E KTI 0
/0/ef                            generic        Sky Lake-E UPI Registers
/0/f0                            generic        Sky Lake-E M3KTI Registers
/0/f1                            generic        Sky Lake-E M3KTI Registers
/0/f2                            generic        Sky Lake-E M3KTI Registers
/0/f3                            generic        Sky Lake-E M3KTI Registers
/0/f4                            generic        Sky Lake-E M3KTI Registers
/0/f5                            generic        Sky Lake-E M2PCI Registers
/0/f6                            generic        Sky Lake-E DDRIO Registers
/0/f7                            generic        Sky Lake-E M2PCI Registers
/0/f8                            generic        Sky Lake-E DDRIO Registers
/0/f9                            generic        Sky Lake-E M2PCI Registers
/0/fa                            generic        Sky Lake-E DDRIO Registers
/0/fb                            generic        Sky Lake-E M2PCI Registers
/0/fc                            generic        Sky Lake-E DDRIO Registers
/0/104                           bridge         Sky Lake-E PCI Express Root Port A
/0/104/0                         storage        NVMe Datacenter SSD [3DNAND, Beta Rock Controller]
/0/105                           bridge         Sky Lake-E PCI Express Root Port B
/0/105/0                         storage        NVMe Datacenter SSD [3DNAND, Beta Rock Controller]
/0/2                             bridge         Sky Lake-E PCI Express Root Port C
/0/2/0                           storage        NVMe Datacenter SSD [3DNAND, Beta Rock Controller]
/0/3                             bridge         Sky Lake-E PCI Express Root Port D
/0/3/0                           storage        NVMe Datacenter SSD [3DNAND, Beta Rock Controller]
/0/0                             bridge         Sky Lake-E PCI Express Root Port A
/0/0/0                           storage        NVMe Datacenter SSD [3DNAND, Beta Rock Controller]
/0/106                           bridge         Sky Lake-E PCI Express Root Port B
/0/106/0                         storage        NVMe Datacenter SSD [3DNAND, Beta Rock Controller]
/1                 /dev/nvme2    storage        INTEL SSDPE2KE076T8
/1/1               /dev/nvme2n1  disk           NVMe disk
/2                 /dev/nvme3    storage        INTEL SSDPE2KE076T8
/2/1               /dev/nvme3n1  disk           NVMe disk
/3                 /dev/nvme4    storage        INTEL SSDPE2KE076T8
/3/1               /dev/nvme4n1  disk           NVMe disk
/4                 /dev/nvme5    storage        INTEL SSDPE2KE076T8
/4/1               /dev/nvme5n1  disk           NVMe disk
/5                 /dev/nvme6    storage        INTEL SSDPE2KE076T8
/5/1               /dev/nvme6n1  disk           NVMe disk
/6                 /dev/nvme7    storage        INTEL SSDPE2KE076T8
/6/1               /dev/nvme7n1  disk           NVMe disk
/7                 input0        input          Power Button
/8                 input1        input          PC Speaker
